C51 COMPILER V9.54   MAIN                                                                  10/22/2024 22:57:21 PAGE 1   


C51 COMPILER V9.54, COMPILATION OF MODULE MAIN
OBJECT MODULE PLACED IN .\Objects\main.obj
COMPILER INVOKED BY: E:\keil\C51\BIN\C51.EXE main.c OPTIMIZE(8,SPEED) BROWSE DEBUG OBJECTEXTEND PRINT(.\Listings\main.ls
                    -t) TABS(2) OBJECT(.\Objects\main.obj)

line level    source

   1          #include <reg52.h>
   2          
   3          typedef unsigned int uint;
   4          typedef unsigned char uchar;
   5          uchar lednum;
   6          uchar led_state;
   7          sfr P4 = 0XC0;
   8          
   9          sbit R1 = P3^0;
  10          sbit R2 = P3^1;
  11          sbit R3 = P3^2;
  12          sbit R4 = P3^3;
  13          
  14          sbit C4 = P3^4;
  15          sbit C3 = P3^5;
  16          sbit C2 = P4^2; //P36 -> P42
  17          sbit C1 = P4^4; //P37 -> P44
  18          
  19          
  20          
  21          void SelectHC138(uchar channel)
  22          {
  23   1        switch(channel)
  24   1        {
  25   2          case 4:
  26   2            P2 = (P2 & 0X1F) | 0X80;
  27   2          break;
  28   2          case 5:
  29   2            P2 = (P2 & 0X1F) | 0Xa0;
  30   2          break;
  31   2          case 6:
  32   2            P2 = (P2 & 0X1F) | 0Xc0;
  33   2          break;
  34   2          case 7:
  35   2            P2 = (P2 & 0X1F) | 0Xe0;
  36   2          break;
  37   2        }
  38   1      }
  39          
  40          void outerinterrupt_init()
  41          {
  42   1        EA=1;
  43   1        EX0=1;
  44   1        IT0=1;
  45   1        EX1=1;
  46   1        IT1=1;
  47   1        
  48   1      }
  49          
  50          
  51          void Initsys()
  52          {
  53   1        SelectHC138(5);
  54   1        P0 = 0X00;
C51 COMPILER V9.54   MAIN                                                                  10/22/2024 22:57:21 PAGE 2   

  55   1        SelectHC138(4);
  56   1        P0 = 0XFF;
  57   1      }
  58          
  59          void selectled()
  60          {
  61   1          P2 = (P2 & 0x1F) | 0x80;  // ??HC138??LED
  62   1          P0 =lednum;       // ?????LED??,???????LED
  63   1      }
  64          
  65          void selectled_2()
  66          {
  67   1         P2 = (P2 & 0x1F) | 0x80;
  68   1         P0=(lednum &led_state);
  69   1      }
  70          
  71          void ScanKeyMulti()
  72          {
  73   1        R1 = 0;
  74   1        R2 = R3 = R4 = 1;
  75   1        C1 = C2 = C3 = C4 = 1;
  76   1        if(C1 == 0)//0
  77   1        {
  78   2          lednum=0xff;          //1111 1111
  79   2          selectled();
  80   2          while(C1 == 0);
  81   2        }
  82   1        else if(C2 == 0)
  83   1        {
  84   2          lednum=0x7f;             //0111 1111
  85   2          selectled();
  86   2          while(C2 == 0);
  87   2        }
  88   1        else if(C3 == 0)
  89   1        {
  90   2         lednum=0xbf;            //1011 1111
  91   2          selectled();
  92   2          while(C3 == 0);
  93   2        }
  94   1        else if(C4 == 0)//3
  95   1        {
  96   2         lednum=0x3f;            //0011 1111
  97   2          selectled();
  98   2          while(C4 == 0);
  99   2        }
 100   1        R2 = 0;
 101   1        R1 = R3 = R4 = 1;
 102   1        C1 = C2 = C3 = C4 = 1;
 103   1        if(C1 == 0)//4
 104   1        {
 105   2          lednum=0xdf;                //1101 1111
 106   2          selectled();
 107   2          while(C1 == 0);
 108   2        }
 109   1        else if(C2 == 0)
 110   1        {
 111   2          lednum=0x5f;             //0101 1111
 112   2          selectled();
 113   2          while(C2 == 0);
 114   2        }
 115   1        else if(C3 == 0)
 116   1        {
C51 COMPILER V9.54   MAIN                                                                  10/22/2024 22:57:21 PAGE 3   

 117   2          lednum=0x9f;            //1001 1111
 118   2          selectled();
 119   2          while(C3 == 0);
 120   2        }
 121   1        else if(C4 == 0)//7
 122   1        {
 123   2          lednum=0x1f;           //0001 1111
 124   2          selectled();
 125   2          while(C4 == 0);
 126   2        }
 127   1        R3 = 0;
 128   1        R2 = R1 = R4 = 1;
 129   1        C1 = C2 = C3 = C4 = 1;
 130   1        if(C1 == 0)  //8
 131   1        {
 132   2          lednum=0xef;            //1110 1111
 133   2          selectled_2();
 134   2          while(C1 == 0);
 135   2        }
 136   1        else if(C2 == 0)
 137   1        {
 138   2           lednum=0x6f;        //0110 1111
 139   2          selectled_2();
 140   2          while(C2 == 0);
 141   2        }
 142   1        else if(C3 == 0)  //10
 143   1        {
 144   2          lednum=0xaf;            //1010 1111
 145   2          selectled_2();
 146   2          while(C3 == 0);
 147   2        }
 148   1        else if(C4 == 0)
 149   1        {
 150   2          lednum=0x2f;        //0010 1111
 151   2          selectled_2();
 152   2          while(C4 == 0);
 153   2        }
 154   1      
 155   1        R4 = 0;
 156   1        R2 = R3 = R1 = 1;
 157   1        C1 = C2 = C3 = C4 = 1;
 158   1        if(C1 == 0) //12
 159   1        {
 160   2          lednum=0xcf;   //1100 1111
 161   2          selectled_2();
 162   2          while(C1 == 0);
 163   2        }
 164   1        else if(C2 == 0)
 165   1        {
 166   2          lednum=0x4f;            //0100 1111
 167   2          selectled_2();
 168   2          while(C2 == 0);
 169   2        }
 170   1        else if(C3 == 0)  //14
 171   1        {
 172   2          lednum=0x8f;           //1000 1111
 173   2          selectled_2();
 174   2          while(C3 == 0);
 175   2        }
 176   1        else if(C4 == 0)  //15
 177   1        {
 178   2          lednum=0x0f;   //0000 1111
C51 COMPILER V9.54   MAIN                                                                  10/22/2024 22:57:21 PAGE 4   

 179   2          selectled_2();
 180   2          while(C4 == 0);
 181   2        }
 182   1        
 183   1      }
 184          
 185          void main()
 186          {
 187   1        Initsys();
 188   1        outerinterrupt_init();
 189   1        while(1)
 190   1        {
 191   2          ScanKeyMulti();
 192   2        }
 193   1      }
 194          
 195          void key_32(void) interrupt 0
 196          {
 197   1          EX0 = 0;  // ????0
 198   1      
 199   1          if (R3 == 0)  // R3 ? 0 ??? L1 ? L2
 200   1          {
 201   2              led_state = 0xFC;  
 202   2          }
 203   1      
 204   1          EX0 = 1;  // ??????0
 205   1      }
 206          
 207          void key_33(void) interrupt 2
 208          {
 209   1          EX1 = 0;  // ????1
 210   1      
 211   1          if (R4 == 0)  // R4 ? 0 ??? L3 ? L4
 212   1          {
 213   2              led_state = 0xF3; 
 214   2          }
 215   1      
 216   1          EX1 = 1;  // ??????1
 217   1      }


MODULE INFORMATION:   STATIC OVERLAYABLE
   CODE SIZE        =    419    ----
   CONSTANT SIZE    =   ----    ----
   XDATA SIZE       =   ----    ----
   PDATA SIZE       =   ----    ----
   DATA SIZE        =      2    ----
   IDATA SIZE       =   ----    ----
   BIT SIZE         =   ----    ----
END OF MODULE INFORMATION.


C51 COMPILATION COMPLETE.  0 WARNING(S),  0 ERROR(S)
