C51 COMPILER V9.54   MAIN                                                                  11/21/2024 08:37:15 PAGE 1   


C51 COMPILER V9.54, COMPILATION OF MODULE MAIN
OBJECT MODULE PLACED IN .\Objects\main.obj
COMPILER INVOKED BY: E:\keil\C51\BIN\C51.EXE main.c OPTIMIZE(8,SPEED) BROWSE DEBUG OBJECTEXTEND PRINT(.\Listings\main.ls
                    -t) TABS(2) OBJECT(.\Objects\main.obj)

line level    source

   1          #include "main.h"
   2          sfr AUXR=0x8e;
   3          u8 channel=0x03;//默认测量通道是AIN3
   4          u16 cnt;//定时器0计数
   5          u8 ad;
   6          u16 analog;
   7          unsigned char urdat=0;
   8          bit ad_mea;
   9          u8 real_T,real_T1,real_T2;
  10          
  11          void Delay(unsigned int xms)
  12          {
  13   1        unsigned char i, j;
  14   1        while(xms--)
  15   1        {
  16   2          i = 2;
  17   2          j = 239;
  18   2          do
  19   2          {
  20   3            while (--j);
  21   3          } while (--i);
  22   2        }
  23   1      }
  24          
  25          void sys_init()
  26          {
  27   1         P2 = (P2&0x1f)|0x80;
  28   1         P0=0xff;
  29   1         P2 = (P2&0x1f);
  30   1         P2 = (P2&0x1f)|0xa0;
  31   1         P0=0x00;
  32   1         P2 = (P2&0x1f);
  33   1      }
  34          
  35          void UartInit()
  36          {
  37   1        TMOD = 0X20;
  38   1        TH1 = 0XFD;      //9600BFS
  39   1        TL1 = 0XFD;
  40   1        TR1 = 1;   //开定时器
  41   1        
  42   1        SCON = 0X50;
  43   1        AUXR = 0X00;
  44   1        
  45   1        ES = 1; 
  46   1        EA = 1;
  47   1      }
  48          
  49          void InitTimer0() //定时器初始化
  50          {
  51   1        TMOD = 0X01;
  52   1        TH0 = (65536 - 5000) / 256;
  53   1        TL0 = (65536 - 5000) % 256;
  54   1        
C51 COMPILER V9.54   MAIN                                                                  11/21/2024 08:37:15 PAGE 2   

  55   1        ET0 = 1;
  56   1        EA = 1;
  57   1        TR0 = 1;
  58   1      }
  59          
  60          
  61          void main(){
  62   1        sys_init();
  63   1        InitTimer0();
  64   1        UartInit();
  65   1        
  66   1        while(1)
  67   1          {
  68   2            if(ad_mea)
  69   2            {
  70   3              ///////////////////
  71   3                SBUF = ' ' ; 
  72   3                while(!TI); 
  73   3                TI = 0;
  74   3                SBUF = real_T + '0'; 
  75   3                while(!TI); 
  76   3                TI = 0; 
  77   3                SBUF = '.'; 
  78   3                while(!TI); 
  79   3                TI = 0; 
  80   3                SBUF = real_T1+'0'; 
  81   3                while(!TI); 
  82   3                TI = 0; 
  83   3                SBUF = real_T2 + '0'; 
  84   3                while(!TI); 
  85   3                TI = 0;   
  86   3        /////////////////////////////
  87   3              ad_mea=0;
  88   3              ad = PCF8591_ADin(channel);
  89   3              analog = (int)(ad/255.0*5*100);//方便在数码管上显示模拟电压值
  90   3              real_T=analog/100;
  91   3              real_T1=analog/10%10;
  92   3              real_T2=analog%10;
  93   3            }
  94   2              Seg_Set(16,16,16,16,16,analog/100+32,analog/10%10,analog%10);
  95   2              Seg_Show();
  96   2              PCF8591_DAout(ad);//将读取的电压值输出到OUT口
  97   2              Delay(10);
  98   2        }
  99   1      }
 100          
 101          
 102          void outerserver() interrupt 4
 103          {
 104   1         if(TI==1)
 105   1        {
 106   2          TI=0;
 107   2        }
 108   1        if(RI == 1)
 109   1        {
 110   2          RI = 0;
 111   2          urdat=SBUF;                   //在此写入代码
 112   2        }
 113   1      
 114   1      }
 115          
 116          
C51 COMPILER V9.54   MAIN                                                                  11/21/2024 08:37:15 PAGE 3   

 117          void Timer0_Int() interrupt 1
 118            {
 119   1        TH0 = (65536 - 5000) / 256;  //5ms
 120   1        TL0 = (65536 - 5000) % 256;
 121   1        cnt++;
 122   1        //if(cnt%200==0) read_flag=1;
 123   1        if(cnt%200==0) ad_mea=1;//每隔1000ms测一次电压值
 124   1        cnt%=1000;
 125   1      }


MODULE INFORMATION:   STATIC OVERLAYABLE
   CODE SIZE        =    433    ----
   CONSTANT SIZE    =   ----    ----
   XDATA SIZE       =   ----    ----
   PDATA SIZE       =   ----    ----
   DATA SIZE        =     10    ----
   IDATA SIZE       =   ----    ----
   BIT SIZE         =      1    ----
END OF MODULE INFORMATION.


C51 COMPILATION COMPLETE.  0 WARNING(S),  0 ERROR(S)
