C51 COMPILER V9.54   SYS                                                                   11/19/2024 10:54:15 PAGE 1   


C51 COMPILER V9.54, COMPILATION OF MODULE SYS
OBJECT MODULE PLACED IN .\Objects\sys.obj
COMPILER INVOKED BY: E:\keil\C51\BIN\C51.EXE sys.c OPTIMIZE(8,SPEED) BROWSE DEBUG OBJECTEXTEND PRINT(.\Listings\sys.lst)
                    - TABS(2) OBJECT(.\Objects\sys.obj)

line level    source

   1          #include "sys.h"
   2          
   3          void Sys_Init(){
   4   1        P0=0xff;Y4;Y0;
   5   1        P0=0xaf;Y5;Y0;
   6   1        P0=0xff;Y6;Y0;
   7   1        P0=0xff;Y7;Y0;
   8   1      }
   9          void Delay(u16 xms)   //@12.000MHz
  10          {
  11   1        unsigned char i, j;
  12   1        while(xms--){
  13   2          i = 12;
  14   2          j = 169;
  15   2          do
  16   2          {
  17   3            while (--j);
  18   3          } while (--i);  
  19   2        }
  20   1        
  21   1      }
  22          
  23          void Timer0Init(void)   //1毫秒@12.000MHz
  24          {
  25   1        AUXR &= 0x7F;   //定时器时钟12T模式
*** ERROR C202 IN LINE 25 OF sys.c: 'AUXR': undefined identifier
  26   1        TMOD &= 0xF0;   //设置定时器模式
  27   1        TL0 = 0x18;   //设置定时初值
  28   1        TH0 = 0xFC;   //设置定时初值
  29   1        TF0 = 0;    //清除TF0标志
  30   1        TR0 = 1;    //定时器0开始计时
  31   1        ET0 = 1;
  32   1        EA = 1;
  33   1      }

C51 COMPILATION COMPLETE.  0 WARNING(S),  1 ERROR(S)
