C51 COMPILER V9.54   MAIN                                                                  10/17/2024 09:36:48 PAGE 1   


C51 COMPILER V9.54, COMPILATION OF MODULE MAIN
OBJECT MODULE PLACED IN .\Objects\main.obj
COMPILER INVOKED BY: E:\keil\C51\BIN\C51.EXE main.c OPTIMIZE(8,SPEED) BROWSE DEBUG OBJECTEXTEND PRINT(.\Listings\main.ls
                    -t) TABS(2) OBJECT(.\Objects\main.obj)

line level    source

   1          #include <REGX51.H>
   2          #include "Delay.h"
   3          
   4          unsigned char count;
   5          sbit S7 = P3 ^ 0; //  S7
   6          sbit S6 = P3 ^ 1; 
   7          sbit BEEP = P0^6;
   8          bit flash_flag = 0;
   9          void SelectHC138(unsigned char channel)
  10          {
  11   1          switch (channel)
  12   1          {
  13   2          case 4:
  14   2              P2 = (P2 & 0X1F) | 0X80; 
  15   2              break;
  16   2          case 5:
  17   2              P2 = (P2 & 0X1F) | 0Xa0; 
  18   2              break;
  19   2          case 6:
  20   2              P2 = (P2 & 0X1F) | 0Xc0; 
  21   2              break;
  22   2          case 7:
  23   2              P2 = (P2 & 0X1F) | 0Xe0; 
  24   2              break;
  25   2          }
  26   1      }
  27          
  28          void sys_init()
  29          {
  30   1        SelectHC138(4);
  31   1        P0=0xff;
  32   1        SelectHC138(5);
  33   1        BEEP=0;
  34   1      }
  35          
  36          void buzz_flash_2s()
  37          {
  38   1         if(flash_flag)
  39   1         {
  40   2              SelectHC138(4);
  41   2              P0 = 0x00; 
  42   2              SelectHC138(5);
  43   2              BEEP = 1;  
  44   2              while (count < 20); 
  45   2              count = 0;
  46   2              SelectHC138(4);
  47   2              P0 = 0xFF; 
  48   2              SelectHC138(5);
  49   2              BEEP = 0;  
  50   2              while (count < 20); 
  51   2              count = 0;
  52   2         }
  53   1      }
  54          
C51 COMPILER V9.54   MAIN                                                                  10/17/2024 09:36:48 PAGE 2   

  55          void InitTimer0()   // **************************定时器初始化*****************************************
  56          {
  57   1        TMOD = 0X01;
  58   1        TH0 = (65535 - 50000) / 256;                 //           50ms
  59   1        TL0 = (65535 - 50000) % 256;
  60   1        
  61   1        ET0 = 1;
  62   1        EA = 1;                                 //总中断开
  63   1        TR0 = 1;
  64   1      }
  65          
  66          
  67          void main()
  68          {
  69   1        sys_init();
  70   1        InitTimer0(); 
  71   1        while(1)
  72   1        {
  73   2          Delay(10);
  74   2          if(S7==0)
  75   2          {
  76   3             Delay(10);
  77   3             if(S7==0)
  78   3             {
  79   4               flash_flag=1;
  80   4             }
  81   3           }
  82   2          if(S6==0)
  83   2            {
  84   3              Delay(10);
  85   3              if(S6==0)
  86   3              {
  87   4                sys_init();
  88   4                flash_flag=0;
  89   4              }
  90   3            }   
  91   2        
  92   2             buzz_flash_2s();  
  93   2          }
  94   1        
  95   1      }
  96          
  97          
  98          
  99          void serverTimer0() interrupt 1      //中断服务子程序
 100          {
 101   1        TH0 = (65535 - 50000) / 256;   
 102   1        TL0 = (65535 - 50000) % 256;
 103   1        count++;                         //每50ms count++
 104   1      }


MODULE INFORMATION:   STATIC OVERLAYABLE
   CODE SIZE        =    185    ----
   CONSTANT SIZE    =   ----    ----
   XDATA SIZE       =   ----    ----
   PDATA SIZE       =   ----    ----
   DATA SIZE        =      1    ----
   IDATA SIZE       =   ----    ----
   BIT SIZE         =      1    ----
END OF MODULE INFORMATION.


C51 COMPILATION COMPLETE.  0 WARNING(S),  0 ERROR(S)
