C51 COMPILER V9.54   MAIN                                                                  10/31/2024 09:35:41 PAGE 1   


C51 COMPILER V9.54, COMPILATION OF MODULE MAIN
OBJECT MODULE PLACED IN .\Objects\main.obj
COMPILER INVOKED BY: E:\keil\C51\BIN\C51.EXE main.c OPTIMIZE(8,SPEED) BROWSE DEBUG OBJECTEXTEND PRINT(.\Listings\main.ls
                    -t) TABS(2) OBJECT(.\Objects\main.obj)

line level    source

   1          #include <REGX51.H>
   2          #include "Delay.h"
   3          
   4          unsigned char count=0;
   5          unsigned char seg[8] = {16,16,16,16,16,16,16,16}; //初始化全黑
   6          unsigned char second=0,tensecond=0,minute=0,tenminute=0;
   7          bit read_flag;  //while1 的读取标志位
   8          bit pause_flag = 0;
   9          sbit S4 = P3 ^ 3;
  10          sbit S5 = P3 ^ 2;
  11          
  12          unsigned char code SMG_duan[]={                       //标准字库
  13          //   0    1    2    3    4    5    6    7    8    9    A    B    C    D    E    F
  14              0x3F,0x06,0x5B,0x4F,0x66,0x6D,0x7D,0x07,0x7F,0x6F,0x77,0x7C,0x39,0x5E,0x79,0x71,
  15          //black  -     H    J    K    L    N    o   P    U     t    G    Q    r   M    y
  16              0x00,0x40,0x76,0x1E,0x70,0x38,0x37,0x5C,0x73,0x3E,0x78,0x3d,0x67,0x50,0x37,0x6e,
  17              0xBF,0x86,0xDB,0xCF,0xE6,0xED,0xFD,0x87,0xFF,0xEF,0x46};    //0. 1. 2. 3. 4. 5. 6. 7. 8. 9. -1
  18          
  19          unsigned char code SMG_wei[]={0x01,0x02,0x04,0x08,0x10,0x20,0x40,0x80};      //位码
  20          
  21          void sys_init()
  22          {
  23   1         P2 = (P2&0x1f)|0x80;
  24   1         P0=0xff;
  25   1         P2 = (P2&0x1f)|0xa0;
  26   1         P0=0x00;
  27   1         P2 = (P2&0x1f);
  28   1      }
  29          
  30          
  31          void InitTimer0() //定时器初始化
  32          {
  33   1        TMOD = 0X01;
  34   1        TH0 = (65535 - 4000) / 256;
  35   1        TL0 = (65535 - 4000) % 256;
  36   1        
  37   1        ET0 = 1;
  38   1        EA = 1;
  39   1        TR0 = 1;
  40   1      }
  41          
  42          
  43          void Seg_Show(){
  44   1        static unsigned char num;
  45   1        
  46   1         P0=0xff;          P2=(P2 & 0x1f) | 0xe0;       P2=(P2 & 0x1f);
  47   1        P0=SMG_wei[num];   P2=(P2 & 0x1f) | 0xc0;       P2=(P2 & 0x1f);
  48   1        P0=~SMG_duan[seg[num]];P2=(P2 & 0x1f) | 0xe0;   P2=(P2 & 0x1f);
  49   1        
  50   1        num++;
  51   1        num%=8; //循环
  52   1      }
  53          
  54          void Seg_Set(unsigned char t1,t2,t3,t4,t5,t6,t7,t8){
C51 COMPILER V9.54   MAIN                                                                  10/31/2024 09:35:41 PAGE 2   

  55   1        seg[0]=t1;
  56   1        seg[1]=t2;
  57   1        seg[2]=t3;
  58   1        seg[3]=t4;
  59   1        seg[4]=t5;
  60   1        seg[5]=t6;
  61   1        seg[6]=t7;
  62   1        seg[7]=t8;
  63   1        
  64   1      }
  65          
  66          
  67          void main()
  68          {
  69   1         sys_init();
  70   1         InitTimer0();
  71   1        while(1)
  72   1        {
  73   2            
  74   2              if(S4==0)
  75   2              {
  76   3                Delay(20);
  77   3                if(S4==0)
  78   3                {
  79   4                tenminute=minute=tensecond=second=0;
  80   4                }
  81   3              }
  82   2              
  83   2             if (S5 == 0) {
  84   3               Delay(20);
  85   3               if (S5 == 0) {
  86   4                  pause_flag = ~pause_flag; // S5????
  87   4                  TR0 = !pause_flag; 
  88   4               }
  89   3            }
  90   2                 
  91   2            if(read_flag)
  92   2            { 
  93   3               read_flag=0;
  94   3               second++;
  95   3               if(second>9)
  96   3               {
  97   4                 tensecond++;
  98   4                 if(tensecond>5)  //因为tensecond++在上，会出现7
  99   4                 {
 100   5                    minute++;
 101   5                   if(minute>9)
 102   5                   {
 103   6                      tenminute++;
 104   6                       if(tenminute>5)
 105   6                       {
 106   7                          tenminute=0;
 107   7                       }
 108   6                       minute=0;
 109   6                   }
 110   5                   tensecond=0;
 111   5                 }
 112   4                  second=0;
 113   4               }
 114   3            }
 115   2            Seg_Set(16,16,16,16,tenminute,minute,tensecond,second);
 116   2            Seg_Show();
C51 COMPILER V9.54   MAIN                                                                  10/31/2024 09:35:41 PAGE 3   

 117   2            Delay(20);
 118   2         }
 119   1      
 120   1      
 121   1      }
 122          void ServiceTime0() interrupt 1   //中断服务程序
 123          {
 124   1        
 125   1        TH0 = (65535 - 4000) / 256;   //4ms
 126   1        TL0 = (65535 - 4000) % 256;
 127   1        count++;
 128   1        if(count%250==0)
 129   1        {
 130   2          read_flag=1;
 131   2          count=0;
 132   2        }
 133   1      }


MODULE INFORMATION:   STATIC OVERLAYABLE
   CODE SIZE        =    319    ----
   CONSTANT SIZE    =     51    ----
   XDATA SIZE       =   ----    ----
   PDATA SIZE       =   ----    ----
   DATA SIZE        =     14      15
   IDATA SIZE       =   ----    ----
   BIT SIZE         =      2    ----
END OF MODULE INFORMATION.


C51 COMPILATION COMPLETE.  0 WARNING(S),  0 ERROR(S)
