C51 COMPILER V9.54   CSB                                                                   12/05/2024 15:25:00 PAGE 1   


C51 COMPILER V9.54, COMPILATION OF MODULE CSB
OBJECT MODULE PLACED IN .\Objects\csb.obj
COMPILER INVOKED BY: E:\keil\C51\BIN\C51.EXE csb.c OPTIMIZE(8,SPEED) BROWSE DEBUG OBJECTEXTEND PRINT(.\Listings\csb.lst)
                    - TABS(2) OBJECT(.\Objects\csb.obj)

line level    source

   1          #include <REGX51.H>
   2          #include "intrins.h"
   3          sbit Tx = P1^0;
   4          sbit Rx = P1^1;
   5          sfr AUXR =0x8E;
   6          void csb_timer_init(void)   //1毫秒@12.000MHz
   7          {
   8   1        AUXR &= 0xBF;   //定时器时钟12T模式
   9   1        TMOD &= 0x0F;   //设置定时器模式
  10   1        TL1 = 0;    //设置定时初值
  11   1        TH1 = 0;    //设置定时初值
  12   1        TF1 = 0;    //清除TF1标志
  13   1        TR1 = 0;    //定时器1关闭计时
  14   1      }
  15          void Delay10us()    //@12.000MHz
  16          {
  17   1        unsigned char i;
  18   1      
  19   1        _nop_();
  20   1        _nop_();
  21   1        i = 27;
  22   1        while (--i);
  23   1      }
  24          
  25          unsigned char csb_measure(){
  26   1        unsigned char i;
  27   1        unsigned char dis;
  28   1        for(i=0;i<10;i++){
  29   2          Tx=1;
  30   2          Delay10us();
  31   2          Tx=0;
  32   2          Delay10us();
  33   2        }
  34   1        TR1=1;
  35   1        while(Rx && !TF1);
  36   1        TR1=0;
  37   1        
  38   1        if(TF1){
  39   2          TF1=0;
  40   2          dis=255;
  41   2        }
  42   1        else
  43   1          dis = (TH1*256+TL1)*0.017;
  44   1        
  45   1        TH1=0;
  46   1        TL1=0;
  47   1        return dis;
  48   1      }


MODULE INFORMATION:   STATIC OVERLAYABLE
   CODE SIZE        =    100    ----
   CONSTANT SIZE    =   ----    ----
   XDATA SIZE       =   ----    ----
C51 COMPILER V9.54   CSB                                                                   12/05/2024 15:25:00 PAGE 2   

   PDATA SIZE       =   ----    ----
   DATA SIZE        =   ----    ----
   IDATA SIZE       =   ----    ----
   BIT SIZE         =   ----    ----
END OF MODULE INFORMATION.


C51 COMPILATION COMPLETE.  0 WARNING(S),  0 ERROR(S)
